<?xml version="1.0" encoding="UTF-8"?>
<!-- Generated by org.testng.reporters.JUnitXMLReporter -->
<testsuite ignored="18" hostname="Lubnas-MacBook-Air.local" failures="1" tests="49" name="RegressionTest" time="586.574" errors="0" timestamp="2021-02-12T14:43:27 EST">
  <testcase classname="positiveTests.Signup" name="SignupVerifyCode" time="10.61"/>
  <testcase classname="positiveTests.Signup" name="SignupEnterLoginInfo" time="7.774"/>
  <testcase classname="positiveTests.Signup" name="scrollNow" time="1.221"/>
  <testcase classname="positiveTests.Signup" name="clickInfoCont" time="0.336"/>
  <testcase classname="positiveTests.Signup" name="SignupEnterPersonalInfo" time="6.167"/>
  <testcase classname="positiveTests.Signup" name="SignupEnterMailingAddress" time="15.482"/>
  <testcase classname="positiveTests.Signup" name="SignupEnterPermAddress" time="1.796"/>
  <testcase classname="positiveTests.Signup" name="scrollNow1" time="1.269"/>
  <testcase classname="positiveTests.Signup" name="billingCont" time="1.81"/>
  <testcase classname="positiveTests.Signup" name="EmploymentScreen" time="5.796"/>
  <testcase classname="positiveTests.Signup" name="SsnScreen" time="19.699"/>
  <testcase classname="positiveTests.Signup" name="scrollNow2" time="5.184"/>
  <testcase classname="positiveTests.Signup" name="clickReviewsubmit" time="2.436"/>
  <testcase classname="positiveTests.LogIn" name="Login" time="16.921"/>
  <testcase classname="positiveTests.CardActivation" name="ActivateCardScreen" time="2.137"/>
  <testcase classname="positiveTests.CardActivation" name="ActivationPwEntry" time="6.11"/>
  <testcase classname="positiveTests.CardActivation" name="ActivationPINSetting" time="26.297"/>
  <testcase classname="positiveTests.SavingsScreen" name="MoneyToSavings" time="11.829"/>
  <testcase classname="positiveTests.SavingsScreen" name="SavingsReminder" time="43.177"/>
  <testcase classname="positiveTests.MoveMoneyAddSav" name="AddToSavings" time="5.178"/>
  <testcase classname="positiveTests.MoveMoneyAddSav" name="clickConfirm" time="3.131"/>
  <testcase classname="positiveTests.MoveMoneyAddSpend" name="AddToSpending" time="25.478"/>
  <testcase classname="positiveTests.MoveMoneyAddCash" name="getToAddCash" time="24.049"/>
  <testcase classname="positiveTests.MoveMoneyAddCash" name="clickAddCash" time="0.201"/>
  <testcase classname="positiveTests.MoveMoneyAddCash" name="completeAddCash" time="2.333"/>
  <testcase classname="positiveTests.MoveMoneyBankTransfer" name="BankTransfer" time="19.225"/>
  <testcase classname="positiveTests.MoveMoneyBankTransfer" name="scrollNow4" time="4.82"/>
  <testcase classname="positiveTests.MoveMoneyBankTransfer" name="clickBankTransferPrevRecptPerform" time="4.936"/>
  <testcase classname="positiveTests.MoveMoneyBankTransfer" name="scrollNow5" time="1.209"/>
  <testcase classname="positiveTests.MoveMoneyBankTransfer" name="PerformTransfer" time="0.199"/>
  <testcase classname="positiveTests.MoveMoneyBankTransfer" name="clickYestoPerfBankTrans" time="2.747"/>
  <testcase classname="positiveTests.MoveMoneyDeleteTransfer" name="accessdeleteTrans" time="23.566"/>
  <testcase classname="positiveTests.MoveMoneyDeleteTransfer" name="gonnaDelete" time="9.45"/>
  <testcase classname="positiveTests.MoveMoneyAddTransfer" name="addRecipientBasic1" time="23.694"/>
  <testcase classname="positiveTests.MoveMoneyAddTransfer" name="addRecipientBasic2" time="12.871"/>
  <testcase classname="positiveTests.MoveMoneyDD" name="SetUpDirectDeposit" time="20.961"/>
  <testcase classname="positiveTests.MoveMoneyDD" name="scrollNow3" time="3.583"/>
  <testcase classname="positiveTests.MoveMoneyDD" name="finishSetupDD" time="1.179"/>
  <testcase classname="positiveTests.MoveMoneyBillPay" name="MailCheck" time="23.539"/>
  <testcase classname="positiveTests.MoveMoneyBillPay" name="mailCheck" time="11.018"/>
  <testcase classname="positiveTests.SettingsScreen" name="accessSettings" time="35.042"/>
  <testcase classname="positiveTests.CardConfirmation" name="ConfirmCardLogin" time="16.363"/>
  <testcase classname="positiveTests.CardConfirmation" name="ConfirmThatCard" time="4.914"/>
  <testcase classname="positiveTests.FreezeCard" name="freezeCard" time="18.443"/>
  <testcase classname="positiveTests.FreezeCard" name="freezeToggle" time="7.646"/>
  <testcase classname="positiveTests.ReplaceLostCard" name="replaceLostCard" time="18.547"/>
  <testcase classname="positiveTests.ReplaceLostCard" name="replaceTheLost" time="10.264"/>
  <testcase classname="positiveTests.ResetPassword" name="resetPassword" time="10.643"/>
  <testcase classname="positiveTests.MoveMoneyATM" name="moveMoneyATM" time="43.756">
    <failure type="org.openqa.selenium.NoSuchElementException" message="An element could not be located on the page using the given search parameters.
For documentation on this error, please visit: https://www.seleniumhq.org/exceptions/no_such_element.html
Build info: version: &amp;apos;3.141.59&amp;apos;, revision: &amp;apos;e82be7d358&amp;apos;, time: &amp;apos;2018-11-14T08:17:03&amp;apos;
System info: host: &amp;apos;Lubnas-MacBook-Air.local&amp;apos;, ip: &amp;apos;fe80:0:0:0:10fa:416c:e192:cef1%en0&amp;apos;, os.name: &amp;apos;Mac OS X&amp;apos;, os.arch: &amp;apos;x86_64&amp;apos;, os.version: &amp;apos;10.15.7&amp;apos;, java.version: &amp;apos;14.0.2&amp;apos;
Driver info: io.appium.java_client.AppiumDriver
Capabilities {app: /Users/lubna/Downloads/clai..., appActivity: host.exp.exponent.MainActivity, appPackage: com.clair.clairpay, databaseEnabled: false, desired: {app: /Users/lubna/Downloads/clai..., appActivity: host.exp.exponent.MainActivity, appPackage: com.clair.clairpay, deviceName: Google Pixel, platformName: android, platformVersion: 10, udid: 92FAY00ZVX}, deviceApiLevel: 30, deviceManufacturer: Google, deviceModel: Pixel 3a, deviceName: 92FAY00ZVX, deviceScreenDensity: 440, deviceScreenSize: 1080x2220, deviceUDID: 92FAY00ZVX, javascriptEnabled: true, locationContextEnabled: false, networkConnectionEnabled: true, pixelRatio: 2.75, platform: LINUX, platformName: Android, platformVersion: 11, statBarHeight: 66, takesScreenshot: true, udid: 92FAY00ZVX, viewportRect: {height: 2022, left: 0, top: 66, width: 1080}, warnings: {}, webStorageEnabled: false}
Session ID: 65bf66f7-ef50-42c2-8a48-8b88c816c341
*** Element info: {Using=xpath, value=//hierarchy/android.widget.FrameLayout[1]/android.widget.LinearLayout[1]/android.widget.FrameLayout[1]/android.widget.LinearLayout[1]/android.widget.FrameLayout[1]/android.widget.FrameLayout[1]/android.widget.FrameLayout[1]/android.widget.FrameLayout[1]/android.view.ViewGroup[1]/android.view.ViewGroup[1]/android.view.ViewGroup[1]/android.view.ViewGroup[1]/android.view.ViewGroup[1]/android.view.ViewGroup[2]/android.view.ViewGroup[1]/android.view.ViewGroup[1]/android.view.ViewGroup[1]/android.view.ViewGroup[2]/android.view.ViewGroup[1]/android.view.ViewGroup[3]/android.view.ViewGroup[2]/android.view.ViewGroup[1]/android.view.ViewGroup[1]/android.widget.ScrollView[1]/android.view.ViewGroup[1]/android.view.ViewGroup[4]/android.view.ViewGroup[1]/android.view.ViewGroup[1]/android.widget.TextView[1]}">
      <![CDATA[org.openqa.selenium.NoSuchElementException: An element could not be located on the page using the given search parameters.
For documentation on this error, please visit: https://www.seleniumhq.org/exceptions/no_such_element.html
Build info: version: '3.141.59', revision: 'e82be7d358', time: '2018-11-14T08:17:03'
System info: host: 'Lubnas-MacBook-Air.local', ip: 'fe80:0:0:0:10fa:416c:e192:cef1%en0', os.name: 'Mac OS X', os.arch: 'x86_64', os.version: '10.15.7', java.version: '14.0.2'
Driver info: io.appium.java_client.AppiumDriver
Capabilities {app: /Users/lubna/Downloads/clai..., appActivity: host.exp.exponent.MainActivity, appPackage: com.clair.clairpay, databaseEnabled: false, desired: {app: /Users/lubna/Downloads/clai..., appActivity: host.exp.exponent.MainActivity, appPackage: com.clair.clairpay, deviceName: Google Pixel, platformName: android, platformVersion: 10, udid: 92FAY00ZVX}, deviceApiLevel: 30, deviceManufacturer: Google, deviceModel: Pixel 3a, deviceName: 92FAY00ZVX, deviceScreenDensity: 440, deviceScreenSize: 1080x2220, deviceUDID: 92FAY00ZVX, javascriptEnabled: true, locationContextEnabled: false, networkConnectionEnabled: true, pixelRatio: 2.75, platform: LINUX, platformName: Android, platformVersion: 11, statBarHeight: 66, takesScreenshot: true, udid: 92FAY00ZVX, viewportRect: {height: 2022, left: 0, top: 66, width: 1080}, warnings: {}, webStorageEnabled: false}
Session ID: 65bf66f7-ef50-42c2-8a48-8b88c816c341
*** Element info: {Using=xpath, value=//hierarchy/android.widget.FrameLayout[1]/android.widget.LinearLayout[1]/android.widget.FrameLayout[1]/android.widget.LinearLayout[1]/android.widget.FrameLayout[1]/android.widget.FrameLayout[1]/android.widget.FrameLayout[1]/android.widget.FrameLayout[1]/android.view.ViewGroup[1]/android.view.ViewGroup[1]/android.view.ViewGroup[1]/android.view.ViewGroup[1]/android.view.ViewGroup[1]/android.view.ViewGroup[2]/android.view.ViewGroup[1]/android.view.ViewGroup[1]/android.view.ViewGroup[1]/android.view.ViewGroup[2]/android.view.ViewGroup[1]/android.view.ViewGroup[3]/android.view.ViewGroup[2]/android.view.ViewGroup[1]/android.view.ViewGroup[1]/android.widget.ScrollView[1]/android.view.ViewGroup[1]/android.view.ViewGroup[4]/android.view.ViewGroup[1]/android.view.ViewGroup[1]/android.widget.TextView[1]}
at org.openqa.selenium.remote.http.W3CHttpResponseCodec.createException(W3CHttpResponseCodec.java:187)
at org.openqa.selenium.remote.http.W3CHttpResponseCodec.decode(W3CHttpResponseCodec.java:122)
at org.openqa.selenium.remote.http.W3CHttpResponseCodec.decode(W3CHttpResponseCodec.java:49)
at org.openqa.selenium.remote.HttpCommandExecutor.execute(HttpCommandExecutor.java:158)
at io.appium.java_client.remote.AppiumCommandExecutor.execute(AppiumCommandExecutor.java:239)
at org.openqa.selenium.remote.RemoteWebDriver.execute(RemoteWebDriver.java:552)
at io.appium.java_client.DefaultGenericMobileDriver.execute(DefaultGenericMobileDriver.java:41)
at io.appium.java_client.AppiumDriver.execute(AppiumDriver.java:1)
at org.openqa.selenium.remote.RemoteWebDriver.findElement(RemoteWebDriver.java:323)
at io.appium.java_client.DefaultGenericMobileDriver.findElement(DefaultGenericMobileDriver.java:61)
at io.appium.java_client.AppiumDriver.findElement(AppiumDriver.java:1)
at org.openqa.selenium.remote.RemoteWebDriver.findElementByXPath(RemoteWebDriver.java:428)
at io.appium.java_client.DefaultGenericMobileDriver.findElementByXPath(DefaultGenericMobileDriver.java:151)
at io.appium.java_client.AppiumDriver.findElementByXPath(AppiumDriver.java:1)
at positiveTests.MoveMoneyATM.moveMoneyATM(MoveMoneyATM.java:78)
at java.base/java.util.ArrayList.forEach(ArrayList.java:1511)
... Removed 32 stack frames]]>
    </failure>
  </testcase> <!-- moveMoneyATM -->
  <testcase classname="positiveTests.BaseClass" name="@BeforeTest setup" time="0.0">
    <ignored/>
  </testcase> <!-- @BeforeTest setup -->
  <testcase classname="positiveTests.BaseClass" name="@BeforeTest setup" time="0.0">
    <ignored/>
  </testcase> <!-- @BeforeTest setup -->
  <testcase classname="positiveTests.BaseClass" name="@BeforeTest setup" time="0.0">
    <ignored/>
  </testcase> <!-- @BeforeTest setup -->
  <testcase classname="positiveTests.BaseClass" name="@BeforeTest setup" time="0.0">
    <ignored/>
  </testcase> <!-- @BeforeTest setup -->
  <testcase classname="positiveTests.BaseClass" name="@BeforeTest setup" time="0.0">
    <ignored/>
  </testcase> <!-- @BeforeTest setup -->
  <testcase classname="positiveTests.BaseClass" name="@BeforeTest setup" time="0.0">
    <ignored/>
  </testcase> <!-- @BeforeTest setup -->
  <testcase classname="positiveTests.BaseClass" name="@BeforeTest setup" time="0.0">
    <ignored/>
  </testcase> <!-- @BeforeTest setup -->
  <testcase classname="positiveTests.BaseClass" name="@BeforeTest setup" time="0.0">
    <ignored/>
  </testcase> <!-- @BeforeTest setup -->
  <testcase classname="positiveTests.BaseClass" name="@BeforeTest setup" time="0.0">
    <ignored/>
  </testcase> <!-- @BeforeTest setup -->
  <testcase classname="positiveTests.BaseClass" name="@BeforeTest setup" time="0.0">
    <ignored/>
  </testcase> <!-- @BeforeTest setup -->
  <testcase classname="positiveTests.BaseClass" name="@BeforeTest setup" time="0.0">
    <ignored/>
  </testcase> <!-- @BeforeTest setup -->
  <testcase classname="positiveTests.BaseClass" name="@BeforeTest setup" time="0.0">
    <ignored/>
  </testcase> <!-- @BeforeTest setup -->
  <testcase classname="positiveTests.BaseClass" name="@BeforeTest setup" time="0.0">
    <ignored/>
  </testcase> <!-- @BeforeTest setup -->
  <testcase classname="positiveTests.BaseClass" name="@BeforeTest setup" time="0.0">
    <ignored/>
  </testcase> <!-- @BeforeTest setup -->
  <testcase classname="positiveTests.BaseClass" name="@BeforeTest setup" time="0.0">
    <ignored/>
  </testcase> <!-- @BeforeTest setup -->
  <testcase classname="positiveTests.BaseClass" name="@BeforeTest setup" time="0.0">
    <ignored/>
  </testcase> <!-- @BeforeTest setup -->
  <testcase classname="positiveTests.BaseClass" name="@BeforeTest setup" time="0.0">
    <ignored/>
  </testcase> <!-- @BeforeTest setup -->
  <testcase classname="positiveTests.BaseClass" name="@BeforeTest setup" time="0.0">
    <ignored/>
  </testcase> <!-- @BeforeTest setup -->
</testsuite> <!-- RegressionTest -->
