<?xml version="1.0" encoding="UTF-8"?>
<!-- Generated by org.testng.reporters.JUnitXMLReporter -->
<testsuite ignored="3" hostname="Lubnas-MacBook-Air.local" failures="0" tests="19" name="Test(failed)" time="1.012" errors="0" timestamp="2021-01-19T15:48:48 EST">
  <testcase classname="tests.BaseClass" name="@BeforeTest setup" time="0.713">
    <failure type="org.openqa.selenium.WebDriverException" message="Connection refused
Build info: version: &amp;apos;3.141.59&amp;apos;, revision: &amp;apos;e82be7d358&amp;apos;, time: &amp;apos;2018-11-14T08:17:03&amp;apos;
System info: host: &amp;apos;Lubnas-MacBook-Air.local&amp;apos;, ip: &amp;apos;fe80:0:0:0:10fa:416c:e192:cef1%en0&amp;apos;, os.name: &amp;apos;Mac OS X&amp;apos;, os.arch: &amp;apos;x86_64&amp;apos;, os.version: &amp;apos;10.15.7&amp;apos;, java.version: &amp;apos;14.0.2&amp;apos;
Driver info: driver.version: AppiumDriver">
      <![CDATA[org.openqa.selenium.WebDriverException: Connection refused
Build info: version: '3.141.59', revision: 'e82be7d358', time: '2018-11-14T08:17:03'
System info: host: 'Lubnas-MacBook-Air.local', ip: 'fe80:0:0:0:10fa:416c:e192:cef1%en0', os.name: 'Mac OS X', os.arch: 'x86_64', os.version: '10.15.7', java.version: '14.0.2'
Driver info: driver.version: AppiumDriver
at io.appium.java_client.remote.AppiumCommandExecutor.lambda$5(AppiumCommandExecutor.java:251)
at java.base/java.util.Optional.orElseGet(Optional.java:362)
at io.appium.java_client.remote.AppiumCommandExecutor.execute(AppiumCommandExecutor.java:250)
at org.openqa.selenium.remote.RemoteWebDriver.execute(RemoteWebDriver.java:552)
at io.appium.java_client.DefaultGenericMobileDriver.execute(DefaultGenericMobileDriver.java:41)
at io.appium.java_client.AppiumDriver.execute(AppiumDriver.java:1)
at org.openqa.selenium.remote.RemoteWebDriver.startSession(RemoteWebDriver.java:213)
at io.appium.java_client.AppiumDriver.startSession(AppiumDriver.java:336)
at org.openqa.selenium.remote.RemoteWebDriver.<init>(RemoteWebDriver.java:131)
at io.appium.java_client.DefaultGenericMobileDriver.<init>(DefaultGenericMobileDriver.java:37)
at io.appium.java_client.AppiumDriver.<init>(AppiumDriver.java:88)
at io.appium.java_client.AppiumDriver.<init>(AppiumDriver.java:98)
at tests.BaseClass.setup(BaseClass.java:34)
Caused by: java.net.ConnectException: Connection refused
at java.base/sun.nio.ch.Net.pollConnect(Native Method)
at java.base/sun.nio.ch.Net.pollConnectNow(Net.java:589)
at java.base/sun.nio.ch.NioSocketImpl.timedFinishConnect(NioSocketImpl.java:542)
at java.base/sun.nio.ch.NioSocketImpl.connect(NioSocketImpl.java:597)
at java.base/java.net.SocksSocketImpl.connect(SocksSocketImpl.java:333)
at java.base/java.net.Socket.connect(Socket.java:648)
at okhttp3.internal.platform.Platform.connectSocket(Platform.java:129)
at okhttp3.internal.connection.RealConnection.connectSocket(RealConnection.java:245)
at okhttp3.internal.connection.RealConnection.connect(RealConnection.java:165)
at okhttp3.internal.connection.StreamAllocation.findConnection(StreamAllocation.java:257)
at okhttp3.internal.connection.StreamAllocation.findHealthyConnection(StreamAllocation.java:135)
at okhttp3.internal.connection.StreamAllocation.newStream(StreamAllocation.java:114)
at okhttp3.internal.connection.ConnectInterceptor.intercept(ConnectInterceptor.java:42)
at okhttp3.internal.http.RealInterceptorChain.proceed(RealInterceptorChain.java:147)
at okhttp3.internal.http.RealInterceptorChain.proceed(RealInterceptorChain.java:121)
at okhttp3.internal.cache.CacheInterceptor.intercept(CacheInterceptor.java:93)
at okhttp3.internal.http.RealInterceptorChain.proceed(RealInterceptorChain.java:147)
at okhttp3.internal.http.RealInterceptorChain.proceed(RealInterceptorChain.java:121)
at okhttp3.internal.http.BridgeInterceptor.intercept(BridgeInterceptor.java:93)
at okhttp3.internal.http.RealInterceptorChain.proceed(RealInterceptorChain.java:147)
at okhttp3.internal.http.RetryAndFollowUpInterceptor.intercept(RetryAndFollowUpInterceptor.java:126)
at okhttp3.internal.http.RealInterceptorChain.proceed(RealInterceptorChain.java:147)
at okhttp3.internal.http.RealInterceptorChain.proceed(RealInterceptorChain.java:121)
at okhttp3.RealCall.getResponseWithInterceptorChain(RealCall.java:200)
at okhttp3.RealCall.execute(RealCall.java:77)
at org.openqa.selenium.remote.internal.OkHttpClient.execute(OkHttpClient.java:103)
at org.openqa.selenium.remote.ProtocolHandshake.createSession(ProtocolHandshake.java:105)
at io.appium.java_client.remote.AppiumCommandExecutor$1.createSession(AppiumCommandExecutor.java:186)
at io.appium.java_client.remote.AppiumCommandExecutor.createSession(AppiumCommandExecutor.java:217)
at io.appium.java_client.remote.AppiumCommandExecutor.execute(AppiumCommandExecutor.java:239)
... 34 more
... Removed 28 stack frames]]>
    </failure>
  </testcase> <!-- @BeforeTest setup -->
  <testcase classname="tests.CardConfirmation" name="ConfirmCardLogin" time="0.0">
    <skipped/>
  </testcase> <!-- ConfirmCardLogin -->
  <testcase classname="tests.CardConfirmation" name="ConfirmThatCard" time="0.0">
    <skipped/>
  </testcase> <!-- ConfirmThatCard -->
  <testcase classname="tests.CardActivation" name="ActivateCardScreen" time="0.0">
    <skipped/>
  </testcase> <!-- ActivateCardScreen -->
  <testcase classname="tests.CardActivation" name="ActivationPwEntry" time="0.0">
    <skipped/>
  </testcase> <!-- ActivationPwEntry -->
  <testcase classname="tests.CardActivation" name="ActivationPINSetting" time="0.0">
    <skipped/>
  </testcase> <!-- ActivationPINSetting -->
  <testcase classname="tests.LogIn" name="Login" time="0.0">
    <skipped/>
  </testcase> <!-- Login -->
  <testcase classname="tests.Signup" name="SignupVerifyCode" time="0.0">
    <skipped/>
  </testcase> <!-- SignupVerifyCode -->
  <testcase classname="tests.Signup" name="SignupEnterLoginInfo" time="0.0">
    <skipped/>
  </testcase> <!-- SignupEnterLoginInfo -->
  <testcase classname="tests.Signup" name="scrollNow" time="0.0">
    <skipped/>
  </testcase> <!-- scrollNow -->
  <testcase classname="tests.Signup" name="clickInfoCont" time="0.0">
    <skipped/>
  </testcase> <!-- clickInfoCont -->
  <testcase classname="tests.Signup" name="SignupEnterPersonalInfo" time="0.0">
    <skipped/>
  </testcase> <!-- SignupEnterPersonalInfo -->
  <testcase classname="tests.Signup" name="SignupEnterMailingAddress" time="0.0">
    <skipped/>
  </testcase> <!-- SignupEnterMailingAddress -->
  <testcase classname="tests.Signup" name="SignupEnterPermAddress" time="0.0">
    <skipped/>
  </testcase> <!-- SignupEnterPermAddress -->
  <testcase classname="tests.Signup" name="scrollNow1" time="0.0">
    <skipped/>
  </testcase> <!-- scrollNow1 -->
  <testcase classname="tests.Signup" name="billingCont" time="0.0">
    <skipped/>
  </testcase> <!-- billingCont -->
  <testcase classname="tests.Signup" name="EmploymentScreen" time="0.0">
    <skipped/>
  </testcase> <!-- EmploymentScreen -->
  <testcase classname="tests.Signup" name="SsnScreen" time="0.0">
    <skipped/>
  </testcase> <!-- SsnScreen -->
  <testcase classname="tests.Signup" name="scrollNow2" time="0.0">
    <skipped/>
  </testcase> <!-- scrollNow2 -->
  <testcase classname="tests.Signup" name="clickReviewsubmit" time="0.0">
    <skipped/>
  </testcase> <!-- clickReviewsubmit -->
  <testcase classname="tests.BaseClass" name="@BeforeTest setup" time="0.0">
    <ignored/>
  </testcase> <!-- @BeforeTest setup -->
  <testcase classname="tests.BaseClass" name="@BeforeTest setup" time="0.0">
    <ignored/>
  </testcase> <!-- @BeforeTest setup -->
  <testcase classname="tests.BaseClass" name="@BeforeTest setup" time="0.0">
    <ignored/>
  </testcase> <!-- @BeforeTest setup -->
</testsuite> <!-- Test(failed) -->
